::1 - - [07/Jun/2020:16:56:34 +0000] "GET /api/getAllData HTTP/1.1" 200 1297 "-" "PostmanRuntime/7.25.0"
::1 - - [07/Jun/2020:17:04:26 +0000] "POST /api/addNewData HTTP/1.1" 200 48 "-" "PostmanRuntime/7.25.0"
::1 - - [07/Jun/2020:17:06:22 +0000] "POST /api/addNewData HTTP/1.1" 200 48 "-" "PostmanRuntime/7.25.0"
::1 - - [07/Jun/2020:17:13:08 +0000] "DELETE /api/deleteData/1 HTTP/1.1" 200 28 "-" "PostmanRuntime/7.25.0"
::1 - - [07/Jun/2020:17:14:04 +0000] "DELETE /api/deleteData/1 HTTP/1.1" 200 28 "-" "PostmanRuntime/7.25.0"
::1 - - [07/Jun/2020:17:15:41 +0000] "DELETE /api/deleteData/1 HTTP/1.1" 200 48 "-" "PostmanRuntime/7.25.0"
::1 - - [07/Jun/2020:17:27:51 +0000] "GET /api/getAllData HTTP/1.1" 200 243 "-" "PostmanRuntime/7.25.0"
::1 - - [07/Jun/2020:17:29:13 +0000] "PUT /api/updateData/2 HTTP/1.1" 200 24 "-" "PostmanRuntime/7.25.0"
::1 - - [07/Jun/2020:17:29:40 +0000] "PUT /api/updateData/2 HTTP/1.1" 500 40 "-" "PostmanRuntime/7.25.0"
::1 - - [07/Jun/2020:17:30:46 +0000] "PUT /api/updateData/2 HTTP/1.1" 500 40 "-" "PostmanRuntime/7.25.0"
::1 - - [07/Jun/2020:17:36:05 +0000] "PUT /api/updateData/2 HTTP/1.1" 200 48 "-" "PostmanRuntime/7.25.0"
::1 - - [07/Jun/2020:17:37:52 +0000] "PUT /api/updateData/2 HTTP/1.1" 200 48 "-" "PostmanRuntime/7.25.0"
::1 - - [07/Jun/2020:17:40:27 +0000] "PUT /api/updateData/2 HTTP/1.1" 200 48 "-" "PostmanRuntime/7.25.0"
::1 - - [07/Jun/2020:17:50:08 +0000] "PUT /api/updateData/2 HTTP/1.1" 200 48 "-" "PostmanRuntime/7.25.0"
::1 - - [07/Jun/2020:17:50:19 +0000] "PUT /api/updateData/2 HTTP/1.1" 200 48 "-" "PostmanRuntime/7.25.0"
::1 - - [07/Jun/2020:18:14:49 +0000] "GET /getAllEmployees HTTP/1.1" 200 239 "-" "PostmanRuntime/7.25.0"
::1 - - [07/Jun/2020:18:15:22 +0000] "POST /addNewEmployee HTTP/1.1" 200 48 "-" "PostmanRuntime/7.25.0"
::1 - - [07/Jun/2020:18:17:53 +0000] "PUT /updateEmployeeDetails/1 HTTP/1.1" 200 48 "-" "PostmanRuntime/7.25.0"
::1 - - [07/Jun/2020:18:19:35 +0000] "DELETE /deleteEmployee/1 HTTP/1.1" 200 48 "-" "PostmanRuntime/7.25.0"
::1 - - [07/Jun/2020:18:27:17 +0000] "GET /employees HTTP/1.1" 404 148 "http://localhost:4200/" "Mozilla/5.0 (Windows NT 10.0; Win64; x64) AppleWebKit/537.36 (KHTML, like Gecko) Chrome/81.0.4044.138 Safari/537.36 OPR/68.0.3618.125"
::1 - - [07/Jun/2020:18:27:54 +0000] "GET /getAllEmployees HTTP/1.1" 200 239 "-" "PostmanRuntime/7.25.0"
::1 - - [07/Jun/2020:18:29:04 +0000] "GET /getAllEmployees HTTP/1.1" 200 239 "http://localhost:4200/" "Mozilla/5.0 (Windows NT 10.0; Win64; x64) AppleWebKit/537.36 (KHTML, like Gecko) Chrome/81.0.4044.138 Safari/537.36 OPR/68.0.3618.125"
::1 - - [07/Jun/2020:18:30:58 +0000] "GET /getAllEmployees HTTP/1.1" 304 - "http://localhost:4200/" "Mozilla/5.0 (Windows NT 10.0; Win64; x64) AppleWebKit/537.36 (KHTML, like Gecko) Chrome/81.0.4044.138 Safari/537.36 OPR/68.0.3618.125"
::1 - - [07/Jun/2020:18:31:36 +0000] "GET /getAllEmployees HTTP/1.1" 304 - "http://localhost:4200/" "Mozilla/5.0 (Windows NT 10.0; Win64; x64) AppleWebKit/537.36 (KHTML, like Gecko) Chrome/81.0.4044.138 Safari/537.36 OPR/68.0.3618.125"
::1 - - [07/Jun/2020:18:34:04 +0000] "GET /getAllEmployees HTTP/1.1" 304 - "http://localhost:4200/" "Mozilla/5.0 (Windows NT 10.0; Win64; x64) AppleWebKit/537.36 (KHTML, like Gecko) Chrome/81.0.4044.138 Safari/537.36 OPR/68.0.3618.125"
::1 - - [07/Jun/2020:18:36:17 +0000] "GET /getAllEmployees HTTP/1.1" 304 - "http://localhost:4200/" "Mozilla/5.0 (Windows NT 10.0; Win64; x64) AppleWebKit/537.36 (KHTML, like Gecko) Chrome/81.0.4044.138 Safari/537.36 OPR/68.0.3618.125"
::1 - - [07/Jun/2020:18:36:35 +0000] "GET /getAllEmployees HTTP/1.1" 304 - "http://localhost:4200/" "Mozilla/5.0 (Windows NT 10.0; Win64; x64) AppleWebKit/537.36 (KHTML, like Gecko) Chrome/81.0.4044.138 Safari/537.36 OPR/68.0.3618.125"
::1 - - [07/Jun/2020:18:36:44 +0000] "GET /getAllEmployees HTTP/1.1" 304 - "http://localhost:4200/" "Mozilla/5.0 (Windows NT 10.0; Win64; x64) AppleWebKit/537.36 (KHTML, like Gecko) Chrome/81.0.4044.138 Safari/537.36 OPR/68.0.3618.125"
::1 - - [07/Jun/2020:18:37:09 +0000] "GET /getAllEmployees HTTP/1.1" 304 - "http://localhost:4200/" "Mozilla/5.0 (Windows NT 10.0; Win64; x64) AppleWebKit/537.36 (KHTML, like Gecko) Chrome/81.0.4044.138 Safari/537.36 OPR/68.0.3618.125"
::1 - - [07/Jun/2020:18:37:15 +0000] "GET /getAllEmployees HTTP/1.1" 304 - "http://localhost:4200/" "Mozilla/5.0 (Windows NT 10.0; Win64; x64) AppleWebKit/537.36 (KHTML, like Gecko) Chrome/81.0.4044.138 Safari/537.36 OPR/68.0.3618.125"
::1 - - [07/Jun/2020:18:37:25 +0000] "GET /getAllEmployees HTTP/1.1" 304 - "http://localhost:4200/" "Mozilla/5.0 (Windows NT 10.0; Win64; x64) AppleWebKit/537.36 (KHTML, like Gecko) Chrome/81.0.4044.138 Safari/537.36 OPR/68.0.3618.125"
::1 - - [07/Jun/2020:18:38:38 +0000] "GET /getAllEmployees HTTP/1.1" 304 - "http://localhost:4200/" "Mozilla/5.0 (Windows NT 10.0; Win64; x64) AppleWebKit/537.36 (KHTML, like Gecko) Chrome/81.0.4044.138 Safari/537.36 OPR/68.0.3618.125"
::1 - - [07/Jun/2020:18:39:14 +0000] "GET /getAllEmployees HTTP/1.1" 304 - "http://localhost:4200/" "Mozilla/5.0 (Windows NT 10.0; Win64; x64) AppleWebKit/537.36 (KHTML, like Gecko) Chrome/81.0.4044.138 Safari/537.36 OPR/68.0.3618.125"
::1 - - [07/Jun/2020:18:40:06 +0000] "GET /getAllEmployees HTTP/1.1" 304 - "http://localhost:4200/" "Mozilla/5.0 (Windows NT 10.0; Win64; x64) AppleWebKit/537.36 (KHTML, like Gecko) Chrome/81.0.4044.138 Safari/537.36 OPR/68.0.3618.125"
::1 - - [07/Jun/2020:18:43:14 +0000] "GET /getAllEmployees HTTP/1.1" 304 - "http://localhost:4200/" "Mozilla/5.0 (Windows NT 10.0; Win64; x64) AppleWebKit/537.36 (KHTML, like Gecko) Chrome/81.0.4044.138 Safari/537.36 OPR/68.0.3618.125"
::1 - - [07/Jun/2020:18:43:20 +0000] "GET /getAllEmployees HTTP/1.1" 304 - "http://localhost:4200/" "Mozilla/5.0 (Windows NT 10.0; Win64; x64) AppleWebKit/537.36 (KHTML, like Gecko) Chrome/81.0.4044.138 Safari/537.36 OPR/68.0.3618.125"
::1 - - [07/Jun/2020:18:43:27 +0000] "GET /getAllEmployees HTTP/1.1" 304 - "http://localhost:4200/" "Mozilla/5.0 (Windows NT 10.0; Win64; x64) AppleWebKit/537.36 (KHTML, like Gecko) Chrome/81.0.4044.138 Safari/537.36 OPR/68.0.3618.125"
::1 - - [07/Jun/2020:18:44:59 +0000] "GET /getAllEmployees HTTP/1.1" 304 - "http://localhost:4200/" "Mozilla/5.0 (Windows NT 10.0; Win64; x64) AppleWebKit/537.36 (KHTML, like Gecko) Chrome/81.0.4044.138 Safari/537.36 OPR/68.0.3618.125"
::1 - - [07/Jun/2020:18:45:06 +0000] "GET /getAllEmployees HTTP/1.1" 304 - "http://localhost:4200/" "Mozilla/5.0 (Windows NT 10.0; Win64; x64) AppleWebKit/537.36 (KHTML, like Gecko) Chrome/81.0.4044.138 Safari/537.36 OPR/68.0.3618.125"
::1 - - [07/Jun/2020:18:45:17 +0000] "GET /getAllEmployees HTTP/1.1" 304 - "http://localhost:4200/" "Mozilla/5.0 (Windows NT 10.0; Win64; x64) AppleWebKit/537.36 (KHTML, like Gecko) Chrome/81.0.4044.138 Safari/537.36 OPR/68.0.3618.125"
::1 - - [07/Jun/2020:18:45:41 +0000] "GET /getAllEmployees HTTP/1.1" 304 - "http://localhost:4200/" "Mozilla/5.0 (Windows NT 10.0; Win64; x64) AppleWebKit/537.36 (KHTML, like Gecko) Chrome/81.0.4044.138 Safari/537.36 OPR/68.0.3618.125"
::1 - - [07/Jun/2020:19:23:17 +0000] "GET /getAllEmployees HTTP/1.1" 304 - "http://localhost:4200/" "Mozilla/5.0 (Windows NT 10.0; Win64; x64) AppleWebKit/537.36 (KHTML, like Gecko) Chrome/81.0.4044.138 Safari/537.36 OPR/68.0.3618.125"
::1 - - [07/Jun/2020:19:38:36 +0000] "POST /addNewEmployee HTTP/1.1" 200 48 "http://localhost:4200/" "Mozilla/5.0 (Windows NT 10.0; Win64; x64) AppleWebKit/537.36 (KHTML, like Gecko) Chrome/81.0.4044.138 Safari/537.36 OPR/68.0.3618.125"
::1 - - [07/Jun/2020:19:38:36 +0000] "GET /getAllEmployees HTTP/1.1" 200 481 "http://localhost:4200/" "Mozilla/5.0 (Windows NT 10.0; Win64; x64) AppleWebKit/537.36 (KHTML, like Gecko) Chrome/81.0.4044.138 Safari/537.36 OPR/68.0.3618.125"
::1 - - [07/Jun/2020:19:40:59 +0000] "POST /addNewEmployee HTTP/1.1" 200 48 "http://localhost:4200/" "Mozilla/5.0 (Windows NT 10.0; Win64; x64) AppleWebKit/537.36 (KHTML, like Gecko) Chrome/81.0.4044.138 Safari/537.36 OPR/68.0.3618.125"
::1 - - [07/Jun/2020:19:40:59 +0000] "GET /getAllEmployees HTTP/1.1" 200 719 "http://localhost:4200/" "Mozilla/5.0 (Windows NT 10.0; Win64; x64) AppleWebKit/537.36 (KHTML, like Gecko) Chrome/81.0.4044.138 Safari/537.36 OPR/68.0.3618.125"
::1 - - [07/Jun/2020:19:42:12 +0000] "GET /getAllEmployees HTTP/1.1" 304 - "http://localhost:4200/" "Mozilla/5.0 (Windows NT 10.0; Win64; x64) AppleWebKit/537.36 (KHTML, like Gecko) Chrome/81.0.4044.138 Safari/537.36 OPR/68.0.3618.125"
::1 - - [07/Jun/2020:20:16:10 +0000] "GET /getAllEmployees HTTP/1.1" 304 - "http://localhost:4200/" "Mozilla/5.0 (Windows NT 10.0; Win64; x64) AppleWebKit/537.36 (KHTML, like Gecko) Chrome/81.0.4044.138 Safari/537.36 OPR/68.0.3618.125"
::1 - - [07/Jun/2020:20:16:41 +0000] "GET /getAllEmployees HTTP/1.1" 304 - "http://localhost:4200/" "Mozilla/5.0 (Windows NT 10.0; Win64; x64) AppleWebKit/537.36 (KHTML, like Gecko) Chrome/81.0.4044.138 Safari/537.36 OPR/68.0.3618.125"
::1 - - [07/Jun/2020:20:16:48 +0000] "GET /getAllEmployees HTTP/1.1" 304 - "http://localhost:4200/" "Mozilla/5.0 (Windows NT 10.0; Win64; x64) AppleWebKit/537.36 (KHTML, like Gecko) Chrome/81.0.4044.138 Safari/537.36 OPR/68.0.3618.125"
::1 - - [07/Jun/2020:20:16:58 +0000] "GET /getAllEmployees HTTP/1.1" 304 - "http://localhost:4200/" "Mozilla/5.0 (Windows NT 10.0; Win64; x64) AppleWebKit/537.36 (KHTML, like Gecko) Chrome/81.0.4044.138 Safari/537.36 OPR/68.0.3618.125"
::1 - - [07/Jun/2020:20:17:54 +0000] "GET /getAllEmployees HTTP/1.1" 304 - "http://localhost:4200/" "Mozilla/5.0 (Windows NT 10.0; Win64; x64) AppleWebKit/537.36 (KHTML, like Gecko) Chrome/81.0.4044.138 Safari/537.36 OPR/68.0.3618.125"
::1 - - [07/Jun/2020:20:17:59 +0000] "GET /getAllEmployees HTTP/1.1" 304 - "http://localhost:4200/" "Mozilla/5.0 (Windows NT 10.0; Win64; x64) AppleWebKit/537.36 (KHTML, like Gecko) Chrome/81.0.4044.138 Safari/537.36 OPR/68.0.3618.125"
::1 - - [07/Jun/2020:20:22:01 +0000] "GET /getAllEmployees HTTP/1.1" 304 - "http://localhost:4200/" "Mozilla/5.0 (Windows NT 10.0; Win64; x64) AppleWebKit/537.36 (KHTML, like Gecko) Chrome/81.0.4044.138 Safari/537.36 OPR/68.0.3618.125"
::1 - - [07/Jun/2020:20:22:15 +0000] "GET /getAllEmployees HTTP/1.1" 304 - "http://localhost:4200/" "Mozilla/5.0 (Windows NT 10.0; Win64; x64) AppleWebKit/537.36 (KHTML, like Gecko) Chrome/81.0.4044.138 Safari/537.36 OPR/68.0.3618.125"
::1 - - [07/Jun/2020:20:22:36 +0000] "GET /getAllEmployees HTTP/1.1" 304 - "http://localhost:4200/" "Mozilla/5.0 (Windows NT 10.0; Win64; x64) AppleWebKit/537.36 (KHTML, like Gecko) Chrome/81.0.4044.138 Safari/537.36 OPR/68.0.3618.125"
::1 - - [07/Jun/2020:20:22:46 +0000] "GET /getAllEmployees HTTP/1.1" 304 - "http://localhost:4200/" "Mozilla/5.0 (Windows NT 10.0; Win64; x64) AppleWebKit/537.36 (KHTML, like Gecko) Chrome/81.0.4044.138 Safari/537.36 OPR/68.0.3618.125"
::1 - - [07/Jun/2020:20:22:50 +0000] "GET /getAllEmployees HTTP/1.1" 304 - "http://localhost:4200/" "Mozilla/5.0 (Windows NT 10.0; Win64; x64) AppleWebKit/537.36 (KHTML, like Gecko) Chrome/81.0.4044.138 Safari/537.36 OPR/68.0.3618.125"
::1 - - [07/Jun/2020:20:24:09 +0000] "GET /getAllEmployees HTTP/1.1" 304 - "http://localhost:4200/" "Mozilla/5.0 (Windows NT 10.0; Win64; x64) AppleWebKit/537.36 (KHTML, like Gecko) Chrome/81.0.4044.138 Safari/537.36 OPR/68.0.3618.125"
::1 - - [07/Jun/2020:20:24:30 +0000] "GET /getAllEmployees HTTP/1.1" 304 - "http://localhost:4200/" "Mozilla/5.0 (Windows NT 10.0; Win64; x64) AppleWebKit/537.36 (KHTML, like Gecko) Chrome/81.0.4044.138 Safari/537.36 OPR/68.0.3618.125"
::1 - - [07/Jun/2020:20:24:47 +0000] "GET /getAllEmployees HTTP/1.1" 304 - "http://localhost:4200/" "Mozilla/5.0 (Windows NT 10.0; Win64; x64) AppleWebKit/537.36 (KHTML, like Gecko) Chrome/81.0.4044.138 Safari/537.36 OPR/68.0.3618.125"
::1 - - [07/Jun/2020:20:26:09 +0000] "GET /getAllEmployees HTTP/1.1" 304 - "http://localhost:4200/" "Mozilla/5.0 (Windows NT 10.0; Win64; x64) AppleWebKit/537.36 (KHTML, like Gecko) Chrome/81.0.4044.138 Safari/537.36 OPR/68.0.3618.125"
::1 - - [07/Jun/2020:20:26:28 +0000] "GET /getAllEmployees HTTP/1.1" 304 - "http://localhost:4200/" "Mozilla/5.0 (Windows NT 10.0; Win64; x64) AppleWebKit/537.36 (KHTML, like Gecko) Chrome/81.0.4044.138 Safari/537.36 OPR/68.0.3618.125"
::1 - - [07/Jun/2020:20:26:54 +0000] "GET /getAllEmployees HTTP/1.1" 304 - "http://localhost:4200/" "Mozilla/5.0 (Windows NT 10.0; Win64; x64) AppleWebKit/537.36 (KHTML, like Gecko) Chrome/81.0.4044.138 Safari/537.36 OPR/68.0.3618.125"
::1 - - [07/Jun/2020:20:27:12 +0000] "GET /getAllEmployees HTTP/1.1" 304 - "http://localhost:4200/" "Mozilla/5.0 (Windows NT 10.0; Win64; x64) AppleWebKit/537.36 (KHTML, like Gecko) Chrome/81.0.4044.138 Safari/537.36 OPR/68.0.3618.125"
::1 - - [07/Jun/2020:20:28:31 +0000] "GET /getAllEmployees HTTP/1.1" 304 - "http://localhost:4200/" "Mozilla/5.0 (Windows NT 10.0; Win64; x64) AppleWebKit/537.36 (KHTML, like Gecko) Chrome/81.0.4044.138 Safari/537.36 OPR/68.0.3618.125"
::1 - - [07/Jun/2020:20:28:54 +0000] "GET /getAllEmployees HTTP/1.1" 304 - "http://localhost:4200/" "Mozilla/5.0 (Windows NT 10.0; Win64; x64) AppleWebKit/537.36 (KHTML, like Gecko) Chrome/81.0.4044.138 Safari/537.36 OPR/68.0.3618.125"
::1 - - [07/Jun/2020:20:29:20 +0000] "GET /getAllEmployees HTTP/1.1" 304 - "http://localhost:4200/" "Mozilla/5.0 (Windows NT 10.0; Win64; x64) AppleWebKit/537.36 (KHTML, like Gecko) Chrome/81.0.4044.138 Safari/537.36 OPR/68.0.3618.125"
::1 - - [07/Jun/2020:20:29:38 +0000] "GET /getAllEmployees HTTP/1.1" 304 - "http://localhost:4200/" "Mozilla/5.0 (Windows NT 10.0; Win64; x64) AppleWebKit/537.36 (KHTML, like Gecko) Chrome/81.0.4044.138 Safari/537.36 OPR/68.0.3618.125"
::1 - - [07/Jun/2020:20:30:04 +0000] "GET /getAllEmployees HTTP/1.1" 304 - "http://localhost:4200/" "Mozilla/5.0 (Windows NT 10.0; Win64; x64) AppleWebKit/537.36 (KHTML, like Gecko) Chrome/81.0.4044.138 Safari/537.36 OPR/68.0.3618.125"
::1 - - [07/Jun/2020:20:30:11 +0000] "GET /getAllEmployees HTTP/1.1" 304 - "http://localhost:4200/" "Mozilla/5.0 (Windows NT 10.0; Win64; x64) AppleWebKit/537.36 (KHTML, like Gecko) Chrome/81.0.4044.138 Safari/537.36 OPR/68.0.3618.125"
::1 - - [07/Jun/2020:20:30:24 +0000] "GET /getAllEmployees HTTP/1.1" 304 - "http://localhost:4200/" "Mozilla/5.0 (Windows NT 10.0; Win64; x64) AppleWebKit/537.36 (KHTML, like Gecko) Chrome/81.0.4044.138 Safari/537.36 OPR/68.0.3618.125"
::1 - - [07/Jun/2020:20:30:31 +0000] "GET /getAllEmployees HTTP/1.1" 304 - "http://localhost:4200/" "Mozilla/5.0 (Windows NT 10.0; Win64; x64) AppleWebKit/537.36 (KHTML, like Gecko) Chrome/81.0.4044.138 Safari/537.36 OPR/68.0.3618.125"
::1 - - [07/Jun/2020:20:30:51 +0000] "GET /getAllEmployees HTTP/1.1" 304 - "http://localhost:4200/" "Mozilla/5.0 (Windows NT 10.0; Win64; x64) AppleWebKit/537.36 (KHTML, like Gecko) Chrome/81.0.4044.138 Safari/537.36 OPR/68.0.3618.125"
::1 - - [07/Jun/2020:20:31:16 +0000] "GET /getAllEmployees HTTP/1.1" 304 - "http://localhost:4200/" "Mozilla/5.0 (Windows NT 10.0; Win64; x64) AppleWebKit/537.36 (KHTML, like Gecko) Chrome/81.0.4044.138 Safari/537.36 OPR/68.0.3618.125"
::1 - - [07/Jun/2020:20:35:59 +0000] "GET /getAllEmployees HTTP/1.1" 304 - "http://localhost:4200/" "Mozilla/5.0 (Windows NT 10.0; Win64; x64) AppleWebKit/537.36 (KHTML, like Gecko) Chrome/81.0.4044.138 Safari/537.36 OPR/68.0.3618.125"
::1 - - [07/Jun/2020:20:36:10 +0000] "GET /getAllEmployees HTTP/1.1" 304 - "http://localhost:4200/" "Mozilla/5.0 (Windows NT 10.0; Win64; x64) AppleWebKit/537.36 (KHTML, like Gecko) Chrome/81.0.4044.138 Safari/537.36 OPR/68.0.3618.125"
::1 - - [07/Jun/2020:20:36:18 +0000] "GET /getAllEmployees HTTP/1.1" 304 - "http://localhost:4200/" "Mozilla/5.0 (Windows NT 10.0; Win64; x64) AppleWebKit/537.36 (KHTML, like Gecko) Chrome/81.0.4044.138 Safari/537.36 OPR/68.0.3618.125"
::1 - - [07/Jun/2020:20:36:36 +0000] "GET /getAllEmployees HTTP/1.1" 304 - "http://localhost:4200/" "Mozilla/5.0 (Windows NT 10.0; Win64; x64) AppleWebKit/537.36 (KHTML, like Gecko) Chrome/81.0.4044.138 Safari/537.36 OPR/68.0.3618.125"
::1 - - [07/Jun/2020:20:36:50 +0000] "GET /getAllEmployees HTTP/1.1" 304 - "http://localhost:4200/" "Mozilla/5.0 (Windows NT 10.0; Win64; x64) AppleWebKit/537.36 (KHTML, like Gecko) Chrome/81.0.4044.138 Safari/537.36 OPR/68.0.3618.125"
::1 - - [07/Jun/2020:20:38:00 +0000] "GET /getAllEmployees HTTP/1.1" 304 - "http://localhost:4200/" "Mozilla/5.0 (Windows NT 10.0; Win64; x64) AppleWebKit/537.36 (KHTML, like Gecko) Chrome/81.0.4044.138 Safari/537.36 OPR/68.0.3618.125"
::1 - - [07/Jun/2020:20:38:20 +0000] "GET /getAllEmployees HTTP/1.1" 304 - "http://localhost:4200/" "Mozilla/5.0 (Windows NT 10.0; Win64; x64) AppleWebKit/537.36 (KHTML, like Gecko) Chrome/81.0.4044.138 Safari/537.36 OPR/68.0.3618.125"
::1 - - [07/Jun/2020:20:39:38 +0000] "GET /getAllEmployees HTTP/1.1" 304 - "http://localhost:4200/" "Mozilla/5.0 (Windows NT 10.0; Win64; x64) AppleWebKit/537.36 (KHTML, like Gecko) Chrome/81.0.4044.138 Safari/537.36 OPR/68.0.3618.125"
::1 - - [07/Jun/2020:20:41:08 +0000] "GET /getAllEmployees HTTP/1.1" 304 - "http://localhost:4200/" "Mozilla/5.0 (Windows NT 10.0; Win64; x64) AppleWebKit/537.36 (KHTML, like Gecko) Chrome/81.0.4044.138 Safari/537.36 OPR/68.0.3618.125"
::1 - - [07/Jun/2020:20:41:18 +0000] "GET /getAllEmployees HTTP/1.1" 304 - "http://localhost:4200/" "Mozilla/5.0 (Windows NT 10.0; Win64; x64) AppleWebKit/537.36 (KHTML, like Gecko) Chrome/81.0.4044.138 Safari/537.36 OPR/68.0.3618.125"
::1 - - [07/Jun/2020:20:41:24 +0000] "GET /getAllEmployees HTTP/1.1" 304 - "http://localhost:4200/" "Mozilla/5.0 (Windows NT 10.0; Win64; x64) AppleWebKit/537.36 (KHTML, like Gecko) Chrome/81.0.4044.138 Safari/537.36 OPR/68.0.3618.125"
::1 - - [07/Jun/2020:20:42:29 +0000] "GET /getAllEmployees HTTP/1.1" 304 - "http://localhost:4200/" "Mozilla/5.0 (Windows NT 10.0; Win64; x64) AppleWebKit/537.36 (KHTML, like Gecko) Chrome/81.0.4044.138 Safari/537.36 OPR/68.0.3618.125"
::1 - - [07/Jun/2020:20:43:15 +0000] "GET /getAllEmployees HTTP/1.1" 304 - "http://localhost:4200/" "Mozilla/5.0 (Windows NT 10.0; Win64; x64) AppleWebKit/537.36 (KHTML, like Gecko) Chrome/81.0.4044.138 Safari/537.36 OPR/68.0.3618.125"
::1 - - [07/Jun/2020:20:43:26 +0000] "GET /getAllEmployees HTTP/1.1" 304 - "http://localhost:4200/" "Mozilla/5.0 (Windows NT 10.0; Win64; x64) AppleWebKit/537.36 (KHTML, like Gecko) Chrome/81.0.4044.138 Safari/537.36 OPR/68.0.3618.125"
::1 - - [07/Jun/2020:20:43:29 +0000] "GET /getAllEmployees HTTP/1.1" 304 - "http://localhost:4200/" "Mozilla/5.0 (Windows NT 10.0; Win64; x64) AppleWebKit/537.36 (KHTML, like Gecko) Chrome/81.0.4044.138 Safari/537.36 OPR/68.0.3618.125"
::1 - - [07/Jun/2020:20:43:47 +0000] "GET /getAllEmployees HTTP/1.1" 304 - "http://localhost:4200/" "Mozilla/5.0 (Windows NT 10.0; Win64; x64) AppleWebKit/537.36 (KHTML, like Gecko) Chrome/81.0.4044.138 Safari/537.36 OPR/68.0.3618.125"
::1 - - [07/Jun/2020:20:43:47 +0000] "PUT /updateEmployeeDetails/1 HTTP/1.1" 200 48 "http://localhost:4200/" "Mozilla/5.0 (Windows NT 10.0; Win64; x64) AppleWebKit/537.36 (KHTML, like Gecko) Chrome/81.0.4044.138 Safari/537.36 OPR/68.0.3618.125"
::1 - - [07/Jun/2020:20:44:11 +0000] "GET /getAllEmployees HTTP/1.1" 200 720 "http://localhost:4200/" "Mozilla/5.0 (Windows NT 10.0; Win64; x64) AppleWebKit/537.36 (KHTML, like Gecko) Chrome/81.0.4044.138 Safari/537.36 OPR/68.0.3618.125"
::1 - - [07/Jun/2020:20:46:51 +0000] "GET /getAllEmployees HTTP/1.1" 304 - "http://localhost:4200/" "Mozilla/5.0 (Windows NT 10.0; Win64; x64) AppleWebKit/537.36 (KHTML, like Gecko) Chrome/81.0.4044.138 Safari/537.36 OPR/68.0.3618.125"
::1 - - [07/Jun/2020:20:47:10 +0000] "GET /getAllEmployees HTTP/1.1" 304 - "http://localhost:4200/" "Mozilla/5.0 (Windows NT 10.0; Win64; x64) AppleWebKit/537.36 (KHTML, like Gecko) Chrome/81.0.4044.138 Safari/537.36 OPR/68.0.3618.125"
::1 - - [07/Jun/2020:20:47:33 +0000] "PUT /updateEmployeeDetails/2 HTTP/1.1" 200 48 "http://localhost:4200/" "Mozilla/5.0 (Windows NT 10.0; Win64; x64) AppleWebKit/537.36 (KHTML, like Gecko) Chrome/81.0.4044.138 Safari/537.36 OPR/68.0.3618.125"
::1 - - [07/Jun/2020:20:47:34 +0000] "GET /getAllEmployees HTTP/1.1" 200 725 "http://localhost:4200/" "Mozilla/5.0 (Windows NT 10.0; Win64; x64) AppleWebKit/537.36 (KHTML, like Gecko) Chrome/81.0.4044.138 Safari/537.36 OPR/68.0.3618.125"
::1 - - [07/Jun/2020:20:48:04 +0000] "GET /getAllEmployees HTTP/1.1" 304 - "http://localhost:4200/" "Mozilla/5.0 (Windows NT 10.0; Win64; x64) AppleWebKit/537.36 (KHTML, like Gecko) Chrome/81.0.4044.138 Safari/537.36 OPR/68.0.3618.125"
::1 - - [07/Jun/2020:20:48:53 +0000] "GET /getAllEmployees HTTP/1.1" 304 - "http://localhost:4200/" "Mozilla/5.0 (Windows NT 10.0; Win64; x64) AppleWebKit/537.36 (KHTML, like Gecko) Chrome/81.0.4044.138 Safari/537.36 OPR/68.0.3618.125"
::1 - - [07/Jun/2020:20:49:06 +0000] "PUT /updateEmployeeDetails/1 HTTP/1.1" 200 48 "http://localhost:4200/" "Mozilla/5.0 (Windows NT 10.0; Win64; x64) AppleWebKit/537.36 (KHTML, like Gecko) Chrome/81.0.4044.138 Safari/537.36 OPR/68.0.3618.125"
::1 - - [07/Jun/2020:20:49:06 +0000] "GET /getAllEmployees HTTP/1.1" 200 720 "http://localhost:4200/" "Mozilla/5.0 (Windows NT 10.0; Win64; x64) AppleWebKit/537.36 (KHTML, like Gecko) Chrome/81.0.4044.138 Safari/537.36 OPR/68.0.3618.125"
::1 - - [07/Jun/2020:20:49:25 +0000] "GET /getAllEmployees HTTP/1.1" 304 - "http://localhost:4200/" "Mozilla/5.0 (Windows NT 10.0; Win64; x64) AppleWebKit/537.36 (KHTML, like Gecko) Chrome/81.0.4044.138 Safari/537.36 OPR/68.0.3618.125"
::1 - - [07/Jun/2020:20:49:25 +0000] "PUT /updateEmployeeDetails/3 HTTP/1.1" 200 48 "http://localhost:4200/" "Mozilla/5.0 (Windows NT 10.0; Win64; x64) AppleWebKit/537.36 (KHTML, like Gecko) Chrome/81.0.4044.138 Safari/537.36 OPR/68.0.3618.125"
::1 - - [07/Jun/2020:20:51:44 +0000] "GET /getAllEmployees HTTP/1.1" 200 727 "http://localhost:4200/" "Mozilla/5.0 (Windows NT 10.0; Win64; x64) AppleWebKit/537.36 (KHTML, like Gecko) Chrome/81.0.4044.138 Safari/537.36 OPR/68.0.3618.125"
::1 - - [07/Jun/2020:20:51:44 +0000] "PUT /updateEmployeeDetails/3 HTTP/1.1" 200 48 "http://localhost:4200/" "Mozilla/5.0 (Windows NT 10.0; Win64; x64) AppleWebKit/537.36 (KHTML, like Gecko) Chrome/81.0.4044.138 Safari/537.36 OPR/68.0.3618.125"
::1 - - [07/Jun/2020:20:52:03 +0000] "GET /getAllEmployees HTTP/1.1" 200 722 "http://localhost:4200/" "Mozilla/5.0 (Windows NT 10.0; Win64; x64) AppleWebKit/537.36 (KHTML, like Gecko) Chrome/81.0.4044.138 Safari/537.36 OPR/68.0.3618.125"
::1 - - [07/Jun/2020:20:52:03 +0000] "PUT /updateEmployeeDetails/1 HTTP/1.1" 200 48 "http://localhost:4200/" "Mozilla/5.0 (Windows NT 10.0; Win64; x64) AppleWebKit/537.36 (KHTML, like Gecko) Chrome/81.0.4044.138 Safari/537.36 OPR/68.0.3618.125"
::1 - - [07/Jun/2020:20:52:23 +0000] "GET /getAllEmployees HTTP/1.1" 200 724 "http://localhost:4200/" "Mozilla/5.0 (Windows NT 10.0; Win64; x64) AppleWebKit/537.36 (KHTML, like Gecko) Chrome/81.0.4044.138 Safari/537.36 OPR/68.0.3618.125"
::1 - - [07/Jun/2020:20:52:23 +0000] "PUT /updateEmployeeDetails/2 HTTP/1.1" 200 48 "http://localhost:4200/" "Mozilla/5.0 (Windows NT 10.0; Win64; x64) AppleWebKit/537.36 (KHTML, like Gecko) Chrome/81.0.4044.138 Safari/537.36 OPR/68.0.3618.125"
::1 - - [07/Jun/2020:20:52:31 +0000] "GET /getAllEmployees HTTP/1.1" 200 718 "http://localhost:4200/" "Mozilla/5.0 (Windows NT 10.0; Win64; x64) AppleWebKit/537.36 (KHTML, like Gecko) Chrome/81.0.4044.138 Safari/537.36 OPR/68.0.3618.125"
::1 - - [07/Jun/2020:21:03:32 +0000] "GET /getAllEmployees HTTP/1.1" 304 - "http://localhost:4200/" "Mozilla/5.0 (Windows NT 10.0; Win64; x64) AppleWebKit/537.36 (KHTML, like Gecko) Chrome/81.0.4044.138 Safari/537.36 OPR/68.0.3618.125"
::1 - - [07/Jun/2020:21:03:52 +0000] "GET /getAllEmployees HTTP/1.1" 304 - "http://localhost:4200/" "Mozilla/5.0 (Windows NT 10.0; Win64; x64) AppleWebKit/537.36 (KHTML, like Gecko) Chrome/81.0.4044.138 Safari/537.36 OPR/68.0.3618.125"
::1 - - [07/Jun/2020:21:04:22 +0000] "GET /getAllEmployees HTTP/1.1" 304 - "http://localhost:4200/" "Mozilla/5.0 (Windows NT 10.0; Win64; x64) AppleWebKit/537.36 (KHTML, like Gecko) Chrome/81.0.4044.138 Safari/537.36 OPR/68.0.3618.125"
::1 - - [07/Jun/2020:21:04:41 +0000] "GET /getAllEmployees HTTP/1.1" 304 - "http://localhost:4200/" "Mozilla/5.0 (Windows NT 10.0; Win64; x64) AppleWebKit/537.36 (KHTML, like Gecko) Chrome/81.0.4044.138 Safari/537.36 OPR/68.0.3618.125"
::1 - - [07/Jun/2020:21:04:58 +0000] "GET /getAllEmployees HTTP/1.1" 304 - "http://localhost:4200/" "Mozilla/5.0 (Windows NT 10.0; Win64; x64) AppleWebKit/537.36 (KHTML, like Gecko) Chrome/81.0.4044.138 Safari/537.36 OPR/68.0.3618.125"
::1 - - [07/Jun/2020:21:06:23 +0000] "GET /getAllEmployees HTTP/1.1" 304 - "http://localhost:4200/" "Mozilla/5.0 (Windows NT 10.0; Win64; x64) AppleWebKit/537.36 (KHTML, like Gecko) Chrome/81.0.4044.138 Safari/537.36 OPR/68.0.3618.125"
::1 - - [07/Jun/2020:21:06:23 +0000] "DELETE /deleteEmployee/3 HTTP/1.1" 200 48 "http://localhost:4200/" "Mozilla/5.0 (Windows NT 10.0; Win64; x64) AppleWebKit/537.36 (KHTML, like Gecko) Chrome/81.0.4044.138 Safari/537.36 OPR/68.0.3618.125"
::1 - - [07/Jun/2020:21:06:23 +0000] "GET /getAllEmployees HTTP/1.1" 200 478 "http://localhost:4200/" "Mozilla/5.0 (Windows NT 10.0; Win64; x64) AppleWebKit/537.36 (KHTML, like Gecko) Chrome/81.0.4044.138 Safari/537.36 OPR/68.0.3618.125"
::1 - - [07/Jun/2020:21:06:23 +0000] "GET /getAllEmployees HTTP/1.1" 304 - "http://localhost:4200/" "Mozilla/5.0 (Windows NT 10.0; Win64; x64) AppleWebKit/537.36 (KHTML, like Gecko) Chrome/81.0.4044.138 Safari/537.36 OPR/68.0.3618.125"
::1 - - [07/Jun/2020:21:06:26 +0000] "DELETE /deleteEmployee/2 HTTP/1.1" 200 48 "http://localhost:4200/" "Mozilla/5.0 (Windows NT 10.0; Win64; x64) AppleWebKit/537.36 (KHTML, like Gecko) Chrome/81.0.4044.138 Safari/537.36 OPR/68.0.3618.125"
::1 - - [07/Jun/2020:21:06:26 +0000] "GET /getAllEmployees HTTP/1.1" 200 241 "http://localhost:4200/" "Mozilla/5.0 (Windows NT 10.0; Win64; x64) AppleWebKit/537.36 (KHTML, like Gecko) Chrome/81.0.4044.138 Safari/537.36 OPR/68.0.3618.125"
::1 - - [07/Jun/2020:21:06:26 +0000] "GET /getAllEmployees HTTP/1.1" 304 - "http://localhost:4200/" "Mozilla/5.0 (Windows NT 10.0; Win64; x64) AppleWebKit/537.36 (KHTML, like Gecko) Chrome/81.0.4044.138 Safari/537.36 OPR/68.0.3618.125"
::1 - - [07/Jun/2020:21:06:26 +0000] "GET /getAllEmployees HTTP/1.1" 304 - "http://localhost:4200/" "Mozilla/5.0 (Windows NT 10.0; Win64; x64) AppleWebKit/537.36 (KHTML, like Gecko) Chrome/81.0.4044.138 Safari/537.36 OPR/68.0.3618.125"
::1 - - [07/Jun/2020:21:07:49 +0000] "GET /getAllEmployees HTTP/1.1" 304 - "http://localhost:4200/" "Mozilla/5.0 (Windows NT 10.0; Win64; x64) AppleWebKit/537.36 (KHTML, like Gecko) Chrome/81.0.4044.138 Safari/537.36 OPR/68.0.3618.125"
::1 - - [07/Jun/2020:21:07:59 +0000] "GET /getAllEmployees HTTP/1.1" 304 - "http://localhost:4200/" "Mozilla/5.0 (Windows NT 10.0; Win64; x64) AppleWebKit/537.36 (KHTML, like Gecko) Chrome/81.0.4044.138 Safari/537.36 OPR/68.0.3618.125"
::1 - - [07/Jun/2020:21:08:39 +0000] "POST /addNewEmployee HTTP/1.1" 200 48 "http://localhost:4200/" "Mozilla/5.0 (Windows NT 10.0; Win64; x64) AppleWebKit/537.36 (KHTML, like Gecko) Chrome/81.0.4044.138 Safari/537.36 OPR/68.0.3618.125"
::1 - - [07/Jun/2020:21:08:39 +0000] "GET /getAllEmployees HTTP/1.1" 200 485 "http://localhost:4200/" "Mozilla/5.0 (Windows NT 10.0; Win64; x64) AppleWebKit/537.36 (KHTML, like Gecko) Chrome/81.0.4044.138 Safari/537.36 OPR/68.0.3618.125"
::1 - - [07/Jun/2020:21:08:59 +0000] "PUT /updateEmployeeDetails/1 HTTP/1.1" 200 48 "http://localhost:4200/" "Mozilla/5.0 (Windows NT 10.0; Win64; x64) AppleWebKit/537.36 (KHTML, like Gecko) Chrome/81.0.4044.138 Safari/537.36 OPR/68.0.3618.125"
::1 - - [07/Jun/2020:21:08:59 +0000] "GET /getAllEmployees HTTP/1.1" 200 489 "http://localhost:4200/" "Mozilla/5.0 (Windows NT 10.0; Win64; x64) AppleWebKit/537.36 (KHTML, like Gecko) Chrome/81.0.4044.138 Safari/537.36 OPR/68.0.3618.125"
::1 - - [07/Jun/2020:21:10:42 +0000] "PUT /updateEmployeeDetails/1 HTTP/1.1" 200 48 "http://localhost:4200/" "Mozilla/5.0 (Windows NT 10.0; Win64; x64) AppleWebKit/537.36 (KHTML, like Gecko) Chrome/81.0.4044.138 Safari/537.36 OPR/68.0.3618.125"
::1 - - [07/Jun/2020:21:10:42 +0000] "GET /getAllEmployees HTTP/1.1" 200 488 "http://localhost:4200/" "Mozilla/5.0 (Windows NT 10.0; Win64; x64) AppleWebKit/537.36 (KHTML, like Gecko) Chrome/81.0.4044.138 Safari/537.36 OPR/68.0.3618.125"
::1 - - [07/Jun/2020:21:34:23 +0000] "GET /getAllEmployees HTTP/1.1" 304 - "http://localhost:4200/" "Mozilla/5.0 (Windows NT 10.0; Win64; x64) AppleWebKit/537.36 (KHTML, like Gecko) Chrome/81.0.4044.138 Safari/537.36 OPR/68.0.3618.125"
::1 - - [07/Jun/2020:21:35:24 +0000] "GET /getAllEmployees HTTP/1.1" 304 - "http://localhost:4200/" "Mozilla/5.0 (Windows NT 10.0; Win64; x64) AppleWebKit/537.36 (KHTML, like Gecko) Chrome/81.0.4044.138 Safari/537.36 OPR/68.0.3618.125"
::1 - - [07/Jun/2020:21:35:41 +0000] "GET /getAllEmployees HTTP/1.1" 304 - "http://localhost:4200/" "Mozilla/5.0 (Windows NT 10.0; Win64; x64) AppleWebKit/537.36 (KHTML, like Gecko) Chrome/81.0.4044.138 Safari/537.36 OPR/68.0.3618.125"
::1 - - [07/Jun/2020:21:35:48 +0000] "GET /getAllEmployees HTTP/1.1" 304 - "http://localhost:4200/" "Mozilla/5.0 (Windows NT 10.0; Win64; x64) AppleWebKit/537.36 (KHTML, like Gecko) Chrome/81.0.4044.138 Safari/537.36 OPR/68.0.3618.125"
::1 - - [07/Jun/2020:21:39:43 +0000] "GET /getAllEmployees HTTP/1.1" 304 - "http://localhost:4200/" "Mozilla/5.0 (Windows NT 10.0; Win64; x64) AppleWebKit/537.36 (KHTML, like Gecko) Chrome/81.0.4044.138 Safari/537.36 OPR/68.0.3618.125"
::1 - - [07/Jun/2020:21:40:12 +0000] "GET /getAllEmployees HTTP/1.1" 304 - "http://localhost:4200/" "Mozilla/5.0 (Windows NT 10.0; Win64; x64) AppleWebKit/537.36 (KHTML, like Gecko) Chrome/81.0.4044.138 Safari/537.36 OPR/68.0.3618.125"
::1 - - [07/Jun/2020:21:41:13 +0000] "GET /getAllEmployees HTTP/1.1" 304 - "http://localhost:4200/" "Mozilla/5.0 (Windows NT 10.0; Win64; x64) AppleWebKit/537.36 (KHTML, like Gecko) Chrome/81.0.4044.138 Safari/537.36 OPR/68.0.3618.125"
::1 - - [07/Jun/2020:21:41:18 +0000] "GET /getAllEmployees HTTP/1.1" 304 - "http://localhost:4200/" "Mozilla/5.0 (Windows NT 10.0; Win64; x64) AppleWebKit/537.36 (KHTML, like Gecko) Chrome/81.0.4044.138 Safari/537.36 OPR/68.0.3618.125"
::1 - - [07/Jun/2020:21:41:40 +0000] "GET /getAllEmployees HTTP/1.1" 304 - "http://localhost:4200/" "Mozilla/5.0 (Windows NT 10.0; Win64; x64) AppleWebKit/537.36 (KHTML, like Gecko) Chrome/81.0.4044.138 Safari/537.36 OPR/68.0.3618.125"
::1 - - [07/Jun/2020:21:42:05 +0000] "GET /getAllEmployees HTTP/1.1" 304 - "http://localhost:4200/" "Mozilla/5.0 (Windows NT 10.0; Win64; x64) AppleWebKit/537.36 (KHTML, like Gecko) Chrome/81.0.4044.138 Safari/537.36 OPR/68.0.3618.125"
::1 - - [07/Jun/2020:21:42:11 +0000] "GET /getAllEmployees HTTP/1.1" 304 - "http://localhost:4200/" "Mozilla/5.0 (Windows NT 10.0; Win64; x64) AppleWebKit/537.36 (KHTML, like Gecko) Chrome/81.0.4044.138 Safari/537.36 OPR/68.0.3618.125"
::1 - - [07/Jun/2020:21:42:16 +0000] "GET /getAllEmployees HTTP/1.1" 304 - "http://localhost:4200/" "Mozilla/5.0 (Windows NT 10.0; Win64; x64) AppleWebKit/537.36 (KHTML, like Gecko) Chrome/81.0.4044.138 Safari/537.36 OPR/68.0.3618.125"
::1 - - [07/Jun/2020:21:42:22 +0000] "GET /getAllEmployees HTTP/1.1" 304 - "http://localhost:4200/" "Mozilla/5.0 (Windows NT 10.0; Win64; x64) AppleWebKit/537.36 (KHTML, like Gecko) Chrome/81.0.4044.138 Safari/537.36 OPR/68.0.3618.125"
::1 - - [07/Jun/2020:21:42:27 +0000] "GET /getAllEmployees HTTP/1.1" 304 - "http://localhost:4200/" "Mozilla/5.0 (Windows NT 10.0; Win64; x64) AppleWebKit/537.36 (KHTML, like Gecko) Chrome/81.0.4044.138 Safari/537.36 OPR/68.0.3618.125"
::1 - - [07/Jun/2020:21:47:42 +0000] "GET /getAllEmployees HTTP/1.1" 304 - "http://localhost:4200/" "Mozilla/5.0 (Windows NT 10.0; Win64; x64) AppleWebKit/537.36 (KHTML, like Gecko) Chrome/81.0.4044.138 Safari/537.36 OPR/68.0.3618.125"
::1 - - [07/Jun/2020:21:47:53 +0000] "GET /getAllEmployees HTTP/1.1" 304 - "http://localhost:4200/" "Mozilla/5.0 (Windows NT 10.0; Win64; x64) AppleWebKit/537.36 (KHTML, like Gecko) Chrome/81.0.4044.138 Safari/537.36 OPR/68.0.3618.125"
::1 - - [07/Jun/2020:21:55:16 +0000] "GET /getAllEmployees HTTP/1.1" 304 - "http://localhost:4200/" "Mozilla/5.0 (Windows NT 10.0; Win64; x64) AppleWebKit/537.36 (KHTML, like Gecko) Chrome/81.0.4044.138 Safari/537.36 OPR/68.0.3618.125"
::1 - - [07/Jun/2020:23:35:32 +0000] "GET /getAllEmployees HTTP/1.1" 304 - "http://localhost:4200/" "Mozilla/5.0 (Windows NT 10.0; Win64; x64) AppleWebKit/537.36 (KHTML, like Gecko) Chrome/81.0.4044.138 Safari/537.36 OPR/68.0.3618.125"
::1 - - [07/Jun/2020:23:35:57 +0000] "GET /getAllEmployees HTTP/1.1" 304 - "http://localhost:4200/" "Mozilla/5.0 (Windows NT 10.0; Win64; x64) AppleWebKit/537.36 (KHTML, like Gecko) Chrome/81.0.4044.138 Safari/537.36 OPR/68.0.3618.125"
::1 - - [07/Jun/2020:23:54:10 +0000] "GET /getAllEmployees HTTP/1.1" 304 - "http://localhost:4200/" "Mozilla/5.0 (Windows NT 10.0; Win64; x64) AppleWebKit/537.36 (KHTML, like Gecko) Chrome/81.0.4044.138 Safari/537.36 OPR/68.0.3618.125"
::1 - - [07/Jun/2020:23:54:39 +0000] "GET /getAllEmployees HTTP/1.1" 304 - "http://localhost:4200/" "Mozilla/5.0 (Windows NT 10.0; Win64; x64) AppleWebKit/537.36 (KHTML, like Gecko) Chrome/81.0.4044.138 Safari/537.36 OPR/68.0.3618.125"
::1 - - [07/Jun/2020:23:55:04 +0000] "GET /getAllEmployees HTTP/1.1" 304 - "http://localhost:4200/" "Mozilla/5.0 (Windows NT 10.0; Win64; x64) AppleWebKit/537.36 (KHTML, like Gecko) Chrome/81.0.4044.138 Safari/537.36 OPR/68.0.3618.125"
::1 - - [07/Jun/2020:23:55:09 +0000] "GET /getAllEmployees HTTP/1.1" 304 - "http://localhost:4200/" "Mozilla/5.0 (Windows NT 10.0; Win64; x64) AppleWebKit/537.36 (KHTML, like Gecko) Chrome/81.0.4044.138 Safari/537.36 OPR/68.0.3618.125"
::1 - - [07/Jun/2020:23:55:22 +0000] "GET /getAllEmployees HTTP/1.1" 304 - "http://localhost:4200/" "Mozilla/5.0 (Windows NT 10.0; Win64; x64) AppleWebKit/537.36 (KHTML, like Gecko) Chrome/81.0.4044.138 Safari/537.36 OPR/68.0.3618.125"
::1 - - [07/Jun/2020:23:55:22 +0000] "POST /addNewEmployee HTTP/1.1" 200 48 "http://localhost:4200/" "Mozilla/5.0 (Windows NT 10.0; Win64; x64) AppleWebKit/537.36 (KHTML, like Gecko) Chrome/81.0.4044.138 Safari/537.36 OPR/68.0.3618.125"
